######## ✨ get_all_rstlne.py results ✨ ########

EE
EEL
EELS
EEN
EL
ELL
ELLS
ELS
ELSE
ELT
ELTS
EN
ENE
ENES
ENS
ENTENTE
ENTENTES
ENTER
ENTERER
ENTERERS
ENTERS
ENTETE
ENTETEE
ENTREE
ENTREES
ER
ERE
ERES
ERN
ERNE
ERNES
ERNS
ERR
ERRS
ERS
ERSES
ERST
ES
ESES
ESNE
ESNES
ESS
ESSE
ESSES
EST
ESTER
ESTERS
ESTS
ET
ETEN
ETENS
ETERNE
ETRENNE
ETRENNES
ETTLE
ETTLES
LEE
LEER
LEERS
LEES
LEESE
LEESES
LEET
LEETLE
LEETS
LENES
LENS
LENSE
LENSES
LENSLESS
LENT
LENTEN
LERE
LERES
LES
LESES
LESS
LESSEE
LESSEES
LESSEN
LESSENS
LESSER
LESSES
LEST
LESTS
LET
LETS
LETTER
LETTERER
LETTERERS
LETTERLESS
LETTERN
LETTERNS
LETTERS
LETTERSET
LETTERSETS
LETTRE
LETTRES
NE
NEE
NEELE
NEELES
NEESE
NEESES
NENE
NENES
NERTS
NESS
NESSES
NEST
NESTER
NESTERS
NESTLE
NESTLER
NESTLERS
NESTLES
NESTS
NET
NETE
NETES
NETLESS
NETS
NETT
NETTER
NETTERS
NETTLE
NETTLER
NETTLERS
NETTLES
NETTS
RE
REE
REEL
REELER
REELERS
REELS
REEN
REENS
REENTER
REENTERS
REES
REEST
REESTS
RELENT
RELENTLESS
RELENTLESSNESS
RELENTS
RELET
RELETS
RELETTER
RELETTERS
REN
RENEST
RENESTS
RENNE
RENNES
RENNET
RENNETS
RENS
RENT
RENTE
RENTER
RENTERS
RENTES
RENTS
RERENT
RERENTS
RES
RESEE
RESEEN
RESEES
RESELL
RESELLER
RESELLERS
RESELLS
RESENT
RESENTER
RESENTERS
RESENTS
RESES
RESET
RESETS
RESETTER
RESETTERS
RESETTLE
RESETTLES
REST
RESTER
RESTERS
RESTLESS
RESTLESSNESS
RESTLESSNESSES
RESTRESS
RESTRESSES
RESTS
RET
RETE
RETELL
RETELLER
RETELLERS
RETELLS
RETENE
RETENES
RETES
RETEST
RETESTS
RETREE
RETREES
RETS
SEE
SEEL
SEELS
SEEN
SEER
SEERESS
SEERESSES
SEERS
SEES
SEL
SELE
SELES
SELL
SELLE
SELLER
SELLERS
SELLES
SELLS
SELS
SEN
SENE
SENNET
SENNETS
SENS
SENSE
SENSELESS
SENSELESSNESS
SENSELESSNESSES
SENSES
SENT
SENTE
SENTS
SER
SERE
SERENE
SERENENESS
SERENENESSES
SERENER
SERENES
SERENEST
SERER
SERES
SEREST
SERR
SERRE
SERRES
SERRS
SERS
SESE
SESS
SESSES
SESTET
SESTETS
SESTETT
SESTETTE
SESTETTES
SESTETTS
SET
SETNESS
SETNESSES
SETS
SETT
SETTEE
SETTEES
SETTER
SETTERS
SETTLE
SETTLER
SETTLERS
SETTLES
SETTS
SLEE
SLEER
SLEEST
SLEET
SLEETS
SLENTER
SLENTERS
SNEE
SNEER
SNEERER
SNEERERS
SNEERS
SNEES
SNELL
SNELLER
SNELLEST
SNELLS
ST
STEEL
STEELS
STEEN
STEENS
STEER
STEERER
STEERERS
STEERS
STELE
STELENE
STELES
STELL
STELLS
STEN
STENS
STENT
STENTS
STERE
STERES
STERLET
STERLETS
STERN
STERNER
STERNEST
STERNNESS
STERNNESSES
STERNS
STET
STETS
STREEL
STREELS
STREET
STREETS
STRENE
STRENES
STRESS
STRESSES
STRESSLESS
STRESSLESSNESS
STRETTE
TE
TEE
TEEL
TEELS
TEEN
TEENE
TEENER
TEENERS
TEENES
TEENS
TEER
TEERS
TEES
TEETER
TEETERS
TEL
TELE
TELES
TELESES
TELL
TELLEN
TELLENS
TELLER
TELLERS
TELLS
TELNET
TELNETS
TELS
TELT
TEN
TENE
TENES
TENET
TENETS
TENNE
TENNER
TENNERS
TENNES
TENS
TENSE
TENSELESS
TENSENESS
TENSENESSES
TENSER
TENSES
TENSEST
TENT
TENTER
TENTERS
TENTLESS
TENTS
TERES
TERETE
TERETES
TERN
TERNE
TERNES
TERNS
TERREEN
TERREENS
TERRENE
TERRENES
TERRET
TERRETS
TERSE
TERSENESS
TERSENESSES
TERSER
TERSEST
TERTS
TES
TEST
TESTE
TESTEE
TESTEES
TESTER
TESTERN
TESTERNS
TESTERS
TESTES
TESTS
TET
TETE
TETES
TETS
TETTER
TETTERS
TREE
TREELESS
TREELESSNESS
TREELESSNESSES
TREEN
TREENS
TREES
TRES
TRESS
TRESSEL
TRESSELS
TRESSES
TREST
TRESTLE
TRESTLES
TRESTLETREE
TRESTLETREES
TRESTS
TRET
TRETS
TSETSE
TSETSES


Time taken for LIST[STR]: 0.10045814514160156 seconds
Time taken for DICT[SET[STR]]: 0.05270528793334961 seconds

Improvement: 52.46492244014506%
